<?xml version="1.0" encoding="UTF-8"?>
<!-- Generated by org.testng.reporters.JUnitXMLReporter -->
<testsuite ignored="0" hostname="Matiass-MacBook-Pro.local" failures="0" tests="1" name="FravegaTests" time="5.101" errors="0" timestamp="2020-12-22T17:24:48 ART">
  <testcase classname="com.fravega.pom.tests.TestBase" name="@BeforeTest setUp" time="0.077">
    <failure type="java.lang.ExceptionInInitializerError">
      <![CDATA[java.lang.ExceptionInInitializerError
at com.fravega.pom.tests.TestBase.setUp(TestBase.java:16)
Caused by: java.lang.IllegalStateException: The driver is not executable: /Users/matiasalonso/eclipse-workspace/FravegaTestingFront/./src/test/resources/chromedriver/chromedriver.exe
at com.google.common.base.Preconditions.checkState(Preconditions.java:585)
at org.openqa.selenium.remote.service.DriverService.checkExecutable(DriverService.java:150)
at org.openqa.selenium.remote.service.DriverService.findExecutable(DriverService.java:141)
at org.openqa.selenium.chrome.ChromeDriverService.access$000(ChromeDriverService.java:35)
at org.openqa.selenium.chrome.ChromeDriverService$Builder.findDefaultExecutable(ChromeDriverService.java:159)
at org.openqa.selenium.remote.service.DriverService$Builder.build(DriverService.java:355)
at org.openqa.selenium.chrome.ChromeDriverService.createDefaultService(ChromeDriverService.java:94)
at org.openqa.selenium.chrome.ChromeDriver.<init>(ChromeDriver.java:123)
at com.fravega.pom.driver.DriverManager.<init>(DriverManager.java:21)
at com.fravega.pom.driver.DriverManager.<clinit>(DriverManager.java:9)
... 25 more
... Removed 24 stack frames]]>
    </failure>
  </testcase> <!-- @BeforeTest setUp -->
  <testcase classname="com.fravega.pom.tests.TestBase" name="@AfterTest finish" time="-1.608668687993E9">
    <skipped/>
  </testcase> <!-- @AfterTest finish -->
  <testcase classname="com.fravega.pom.tests.BackSearchTest" name="test" time="4.982"/>
</testsuite> <!-- FravegaTests -->
